<?xml version="1.0" encoding="utf-8"?><testsuites><testsuite name="pytest" errors="0" failures="0" skipped="0" tests="16" time="0.182" timestamp="2024-02-16T18:52:42.843623" hostname="home.local"><testcase classname="tests.integration.gpx_parse_file_io_test" name="test_async_parse_gpx_empty_file" time="0.004" /><testcase classname="tests.integration.gpx_parse_file_io_test" name="test_async_parse_gpx_valid_file" time="0.002" /><testcase classname="tests.integration.mgrs_conversion_mgrs_library_test" name="test_latlon_to_mgrs_with_valid_data" time="0.000" /><testcase classname="tests.integration.mgrs_conversion_mgrs_library_test" name="test_latlon_to_mgrs_with_invalid_latlon" time="0.001" /><testcase classname="tests.unit.converters.latlon_to_mgrs_converter_test" name="test_latlon_to_mgrs_success" time="0.001" /><testcase classname="tests.unit.converters.latlon_to_mgrs_converter_test" name="test_latlon_to_mgrs_failure" time="0.001" /><testcase classname="tests.unit.factory.gpx_model_builder_test" name="test_process_gpx_to_point_models_with_data[return_value0-1]" time="0.005" /><testcase classname="tests.unit.factory.gpx_model_builder_test" name="test_process_gpx_to_point_models_with_data[return_value1-2]" time="0.001" /><testcase classname="tests.unit.factory.gpx_model_builder_test" name="test_process_gpx_to_point_models_with_data[return_value2-0]" time="0.001" /><testcase classname="tests.unit.factory.gpx_model_builder_test" name="test_process_gpx_to_point_models_with_nan" time="0.001" /><testcase classname="tests.unit.parsers.gpx_parse_test" name="test_parse_point_valid" time="0.000" /><testcase classname="tests.unit.parsers.gpx_parse_test" name="test_parse_point_invalid" time="0.001" /><testcase classname="tests.unit.parsers.gpx_parse_test" name="test_async_parse_valid_gpx_with_mock" time="0.002" /><testcase classname="tests.unit.parsers.gpx_parse_test" name="test_async_parse_empty_gpx_with_mock" time="0.002" /><testcase classname="tests.unit.parsers.gpx_parse_test" name="test_async_parse_invalid_gpx_data_with_mock" time="0.002" /><testcase classname="tests.unit.parsers.gpx_parse_test" name="test_async_parse_gpx_raises_os_error_with_mock" time="0.001" /></testsuite></testsuites>